GowinSynthesis start
Running parser ...
Analyzing Verilog file '/home/nono/Documents/Cours/M2/S1/sysEmb/VHDL/space-invader-fpga/gowin_fpga_project/src/countdown_timer.v'
Analyzing Verilog file '/home/nono/Documents/Cours/M2/S1/sysEmb/VHDL/space-invader-fpga/gowin_fpga_project/src/force_rebuild.v'
Analyzing Verilog file '/home/nono/Documents/Cours/M2/S1/sysEmb/VHDL/space-invader-fpga/gowin_fpga_project/src/lcd_leds/enemies_struct.sv'
Analyzing Verilog file '/home/nono/Documents/Cours/M2/S1/sysEmb/VHDL/space-invader-fpga/gowin_fpga_project/src/lcd_leds/enemies_logic.v'
Analyzing Verilog file '/home/nono/Documents/Cours/M2/S1/sysEmb/VHDL/space-invader-fpga/gowin_fpga_project/src/lcd_leds/enemies_top.v'
Analyzing Verilog file '/home/nono/Documents/Cours/M2/S1/sysEmb/VHDL/space-invader-fpga/gowin_fpga_project/src/lcd_leds/gowin_rpll/pll_40m.v'
Analyzing Verilog file '/home/nono/Documents/Cours/M2/S1/sysEmb/VHDL/space-invader-fpga/gowin_fpga_project/src/lcd_leds/image_bullet.v'
Analyzing Verilog file '/home/nono/Documents/Cours/M2/S1/sysEmb/VHDL/space-invader-fpga/gowin_fpga_project/src/lcd_leds/image_enemy.v'
Analyzing Verilog file '/home/nono/Documents/Cours/M2/S1/sysEmb/VHDL/space-invader-fpga/gowin_fpga_project/src/lcd_leds/image_explosion.v'
WARN  (EX3293) : Case statement must have case items("/home/nono/Documents/Cours/M2/S1/sysEmb/VHDL/space-invader-fpga/gowin_fpga_project/src/lcd_leds/image_explosion.v":222)
Analyzing Verilog file '/home/nono/Documents/Cours/M2/S1/sysEmb/VHDL/space-invader-fpga/gowin_fpga_project/src/lcd_leds/image_gun.v'
WARN  (EX3705) : Macro 'OTHER' is redefined("/home/nono/Documents/Cours/M2/S1/sysEmb/VHDL/space-invader-fpga/gowin_fpga_project/src/lcd_leds/image_gun.v":31)
Analyzing Verilog file '/home/nono/Documents/Cours/M2/S1/sysEmb/VHDL/space-invader-fpga/gowin_fpga_project/src/lcd_leds/image_text_line.v'
Analyzing Verilog file '/home/nono/Documents/Cours/M2/S1/sysEmb/VHDL/space-invader-fpga/gowin_fpga_project/src/lcd_leds/image_texts.v'
Analyzing Verilog file '/home/nono/Documents/Cours/M2/S1/sysEmb/VHDL/space-invader-fpga/gowin_fpga_project/src/lcd_leds/image_walls.v'
Analyzing Verilog file '/home/nono/Documents/Cours/M2/S1/sysEmb/VHDL/space-invader-fpga/gowin_fpga_project/src/lcd_leds/lcd_ctrl.v'
Analyzing Verilog file '/home/nono/Documents/Cours/M2/S1/sysEmb/VHDL/space-invader-fpga/gowin_fpga_project/src/lcd_leds/lcd_data.v'
Analyzing Verilog file '/home/nono/Documents/Cours/M2/S1/sysEmb/VHDL/space-invader-fpga/gowin_fpga_project/src/lcd_leds/lcd_data_wrapper.v'
Analyzing Verilog file '/home/nono/Documents/Cours/M2/S1/sysEmb/VHDL/space-invader-fpga/gowin_fpga_project/src/mem_read_write.v'
Analyzing Verilog file '/home/nono/Documents/Cours/M2/S1/sysEmb/VHDL/space-invader-fpga/gowin_fpga_project/src/picorv32.v'
Analyzing Verilog file '/home/nono/Documents/Cours/M2/S1/sysEmb/VHDL/space-invader-fpga/gowin_fpga_project/src/reset.v'
Analyzing Verilog file '/home/nono/Documents/Cours/M2/S1/sysEmb/VHDL/space-invader-fpga/gowin_fpga_project/src/sram.v'
Analyzing Verilog file '/home/nono/Documents/Cours/M2/S1/sysEmb/VHDL/space-invader-fpga/gowin_fpga_project/src/sram8bit.v'
Analyzing Verilog file '/home/nono/Documents/Cours/M2/S1/sysEmb/VHDL/space-invader-fpga/gowin_fpga_project/src/top.v'
Analyzing included file '/home/nono/Documents/Cours/M2/S1/sysEmb/VHDL/space-invader-fpga/gowin_fpga_project/src/sys_parameters.v'("/home/nono/Documents/Cours/M2/S1/sysEmb/VHDL/space-invader-fpga/gowin_fpga_project/src/top.v":22)
Back to file '/home/nono/Documents/Cours/M2/S1/sysEmb/VHDL/space-invader-fpga/gowin_fpga_project/src/top.v'("/home/nono/Documents/Cours/M2/S1/sysEmb/VHDL/space-invader-fpga/gowin_fpga_project/src/top.v":22)
Analyzing Verilog file '/opt/GOWIN/gowin_tools/IDE/data/ipcores/GAO/GW_AO_0/gw_ao_crc32.v'
Analyzing Verilog file '/opt/GOWIN/gowin_tools/IDE/data/ipcores/GAO/GW_AO_0/gw_ao_match.v'
Analyzing included file '/opt/GOWIN/gowin_tools/IDE/data/ipcores/GAO/GW_AO_0/gw_ao_define.v'("/opt/GOWIN/gowin_tools/IDE/data/ipcores/GAO/GW_AO_0/gw_ao_match.v":374)
Back to file '/opt/GOWIN/gowin_tools/IDE/data/ipcores/GAO/GW_AO_0/gw_ao_match.v'("/opt/GOWIN/gowin_tools/IDE/data/ipcores/GAO/GW_AO_0/gw_ao_match.v":374)
Analyzing included file '/home/nono/Documents/Cours/M2/S1/sysEmb/VHDL/space-invader-fpga/gowin_fpga_project/impl/gwsynthesis/RTL_GAO/ao_0/gw_ao_top_define.v'("/opt/GOWIN/gowin_tools/IDE/data/ipcores/GAO/GW_AO_0/gw_ao_match.v":374)
Back to file '/opt/GOWIN/gowin_tools/IDE/data/ipcores/GAO/GW_AO_0/gw_ao_match.v'("/opt/GOWIN/gowin_tools/IDE/data/ipcores/GAO/GW_AO_0/gw_ao_match.v":374)
Analyzing included file '/home/nono/Documents/Cours/M2/S1/sysEmb/VHDL/space-invader-fpga/gowin_fpga_project/impl/gwsynthesis/RTL_GAO/ao_0/gw_ao_init.v'("/opt/GOWIN/gowin_tools/IDE/data/ipcores/GAO/GW_AO_0/gw_ao_match.v":374)
Back to file '/opt/GOWIN/gowin_tools/IDE/data/ipcores/GAO/GW_AO_0/gw_ao_match.v'("/opt/GOWIN/gowin_tools/IDE/data/ipcores/GAO/GW_AO_0/gw_ao_match.v":374)
Analyzing Verilog file '/opt/GOWIN/gowin_tools/IDE/data/ipcores/GAO/GW_AO_0/gw_ao_mem_ctrl.v'
Analyzing included file '/home/nono/Documents/Cours/M2/S1/sysEmb/VHDL/space-invader-fpga/gowin_fpga_project/impl/gwsynthesis/RTL_GAO/ao_0/gw_ao_top_define.v'("/opt/GOWIN/gowin_tools/IDE/data/ipcores/GAO/GW_AO_0/gw_ao_mem_ctrl.v":1256)
Back to file '/opt/GOWIN/gowin_tools/IDE/data/ipcores/GAO/GW_AO_0/gw_ao_mem_ctrl.v'("/opt/GOWIN/gowin_tools/IDE/data/ipcores/GAO/GW_AO_0/gw_ao_mem_ctrl.v":1256)
Analyzing Verilog file '/opt/GOWIN/gowin_tools/IDE/data/ipcores/GAO/GW_AO_0/gw_ao_top.v'
Analyzing included file '/opt/GOWIN/gowin_tools/IDE/data/ipcores/GAO/GW_AO_0/gw_ao_define.v'("/opt/GOWIN/gowin_tools/IDE/data/ipcores/GAO/GW_AO_0/gw_ao_top.v":3042)
Back to file '/opt/GOWIN/gowin_tools/IDE/data/ipcores/GAO/GW_AO_0/gw_ao_top.v'("/opt/GOWIN/gowin_tools/IDE/data/ipcores/GAO/GW_AO_0/gw_ao_top.v":3042)
Analyzing included file '/home/nono/Documents/Cours/M2/S1/sysEmb/VHDL/space-invader-fpga/gowin_fpga_project/impl/gwsynthesis/RTL_GAO/ao_0/gw_ao_top_define.v'("/opt/GOWIN/gowin_tools/IDE/data/ipcores/GAO/GW_AO_0/gw_ao_top.v":3042)
Back to file '/opt/GOWIN/gowin_tools/IDE/data/ipcores/GAO/GW_AO_0/gw_ao_top.v'("/opt/GOWIN/gowin_tools/IDE/data/ipcores/GAO/GW_AO_0/gw_ao_top.v":3042)
Analyzing included file '/home/nono/Documents/Cours/M2/S1/sysEmb/VHDL/space-invader-fpga/gowin_fpga_project/impl/gwsynthesis/RTL_GAO/ao_0/gw_ao_expression.v'("/opt/GOWIN/gowin_tools/IDE/data/ipcores/GAO/GW_AO_0/gw_ao_top.v":3042)
Back to file '/opt/GOWIN/gowin_tools/IDE/data/ipcores/GAO/GW_AO_0/gw_ao_top.v'("/opt/GOWIN/gowin_tools/IDE/data/ipcores/GAO/GW_AO_0/gw_ao_top.v":3042)
Analyzing included file '/home/nono/Documents/Cours/M2/S1/sysEmb/VHDL/space-invader-fpga/gowin_fpga_project/impl/gwsynthesis/RTL_GAO/ao_0/gw_ao_parameter.v'("/opt/GOWIN/gowin_tools/IDE/data/ipcores/GAO/GW_AO_0/gw_ao_top.v":3042)
Back to file '/opt/GOWIN/gowin_tools/IDE/data/ipcores/GAO/GW_AO_0/gw_ao_top.v'("/opt/GOWIN/gowin_tools/IDE/data/ipcores/GAO/GW_AO_0/gw_ao_top.v":3042)
Analyzing included file '/home/nono/Documents/Cours/M2/S1/sysEmb/VHDL/space-invader-fpga/gowin_fpga_project/impl/gwsynthesis/RTL_GAO/ao_0/gw_ao_init.v'("/opt/GOWIN/gowin_tools/IDE/data/ipcores/GAO/GW_AO_0/gw_ao_top.v":3042)
Back to file '/opt/GOWIN/gowin_tools/IDE/data/ipcores/GAO/GW_AO_0/gw_ao_top.v'("/opt/GOWIN/gowin_tools/IDE/data/ipcores/GAO/GW_AO_0/gw_ao_top.v":3042)
Analyzing Verilog file '/opt/GOWIN/gowin_tools/IDE/data/ipcores/GAO/GW_CON/gw_con_top.v'
Analyzing included file '/home/nono/Documents/Cours/M2/S1/sysEmb/VHDL/space-invader-fpga/gowin_fpga_project/impl/gwsynthesis/RTL_GAO/ao_control/gw_con_top_define.v'("/opt/GOWIN/gowin_tools/IDE/data/ipcores/GAO/GW_CON/gw_con_top.v":377)
Back to file '/opt/GOWIN/gowin_tools/IDE/data/ipcores/GAO/GW_CON/gw_con_top.v'("/opt/GOWIN/gowin_tools/IDE/data/ipcores/GAO/GW_CON/gw_con_top.v":377)
Analyzing included file '/home/nono/Documents/Cours/M2/S1/sysEmb/VHDL/space-invader-fpga/gowin_fpga_project/impl/gwsynthesis/RTL_GAO/ao_control/gw_con_parameter.v'("/opt/GOWIN/gowin_tools/IDE/data/ipcores/GAO/GW_CON/gw_con_top.v":377)
Back to file '/opt/GOWIN/gowin_tools/IDE/data/ipcores/GAO/GW_CON/gw_con_top.v'("/opt/GOWIN/gowin_tools/IDE/data/ipcores/GAO/GW_CON/gw_con_top.v":377)
Analyzing Verilog file '/opt/GOWIN/gowin_tools/IDE/data/ipcores/gw_jtag.v'
Analyzing Verilog file '/home/nono/Documents/Cours/M2/S1/sysEmb/VHDL/space-invader-fpga/gowin_fpga_project/impl/gwsynthesis/RTL_GAO/gw_gao_top.v'
WARN  (EX3073) : Port 'trap' remains unconnected for this instance("/home/nono/Documents/Cours/M2/S1/sysEmb/VHDL/space-invader-fpga/gowin_fpga_project/src/top.v":305)
Compiling module 'top'("/home/nono/Documents/Cours/M2/S1/sysEmb/VHDL/space-invader-fpga/gowin_fpga_project/src/top.v":3)
Compiling module 'mem_read_write'("/home/nono/Documents/Cours/M2/S1/sysEmb/VHDL/space-invader-fpga/gowin_fpga_project/src/mem_read_write.v":1)
Compiling module 'mem_read_write(DATA_SIZE=5)'("/home/nono/Documents/Cours/M2/S1/sysEmb/VHDL/space-invader-fpga/gowin_fpga_project/src/mem_read_write.v":1)
Compiling module 'mem_read_write(DATA_SIZE=3)'("/home/nono/Documents/Cours/M2/S1/sysEmb/VHDL/space-invader-fpga/gowin_fpga_project/src/mem_read_write.v":1)
Compiling module 'pll_40m'("/home/nono/Documents/Cours/M2/S1/sysEmb/VHDL/space-invader-fpga/gowin_fpga_project/src/lcd_leds/gowin_rpll/pll_40m.v":10)
Compiling module 'lcd_ctrl'("/home/nono/Documents/Cours/M2/S1/sysEmb/VHDL/space-invader-fpga/gowin_fpga_project/src/lcd_leds/lcd_ctrl.v":12)
WARN  (EX3791) : Expression size 32 truncated to fit in target size 12("/home/nono/Documents/Cours/M2/S1/sysEmb/VHDL/space-invader-fpga/gowin_fpga_project/src/lcd_leds/lcd_ctrl.v":128)
WARN  (EX3791) : Expression size 32 truncated to fit in target size 12("/home/nono/Documents/Cours/M2/S1/sysEmb/VHDL/space-invader-fpga/gowin_fpga_project/src/lcd_leds/lcd_ctrl.v":129)
Compiling module 'lcd_data_wrapper'("/home/nono/Documents/Cours/M2/S1/sysEmb/VHDL/space-invader-fpga/gowin_fpga_project/src/lcd_leds/lcd_data_wrapper.v":3)
WARN  (EX3791) : Expression size 15 truncated to fit in target size 14("/home/nono/Documents/Cours/M2/S1/sysEmb/VHDL/space-invader-fpga/gowin_fpga_project/src/lcd_leds/lcd_data_wrapper.v":84)
Compiling module 'lcd_data_mod'("/home/nono/Documents/Cours/M2/S1/sysEmb/VHDL/space-invader-fpga/gowin_fpga_project/src/lcd_leds/lcd_data.v":3)
Compiling module 'image_texts'("/home/nono/Documents/Cours/M2/S1/sysEmb/VHDL/space-invader-fpga/gowin_fpga_project/src/lcd_leds/image_texts.v":2)
WARN  (EX3780) : Using initial value of 'title_buf' since it is never assigned("/home/nono/Documents/Cours/M2/S1/sysEmb/VHDL/space-invader-fpga/gowin_fpga_project/src/lcd_leds/image_texts.v":102)
WARN  (EX3780) : Using initial value of 'play_buf' since it is never assigned("/home/nono/Documents/Cours/M2/S1/sysEmb/VHDL/space-invader-fpga/gowin_fpga_project/src/lcd_leds/image_texts.v":132)
WARN  (EX3780) : Using initial value of 'game_over_buf' since it is never assigned("/home/nono/Documents/Cours/M2/S1/sysEmb/VHDL/space-invader-fpga/gowin_fpga_project/src/lcd_leds/image_texts.v":168)
WARN  (EX3780) : Using initial value of 'score_buf' since it is never assigned("/home/nono/Documents/Cours/M2/S1/sysEmb/VHDL/space-invader-fpga/gowin_fpga_project/src/lcd_leds/image_texts.v":200)
WARN  (EX3780) : Using initial value of 'high_score_buf' since it is never assigned("/home/nono/Documents/Cours/M2/S1/sysEmb/VHDL/space-invader-fpga/gowin_fpga_project/src/lcd_leds/image_texts.v":279)
Compiling module 'text_line(TEXT_X0=381,TEXT_Y0=24)'("/home/nono/Documents/Cours/M2/S1/sysEmb/VHDL/space-invader-fpga/gowin_fpga_project/src/lcd_leds/image_text_line.v":2)
Extracting RAM for identifier 'font_mem64'("/home/nono/Documents/Cours/M2/S1/sysEmb/VHDL/space-invader-fpga/gowin_fpga_project/src/lcd_leds/image_text_line.v":29)
WARN  (EX3791) : Expression size 33 truncated to fit in target size 12("/home/nono/Documents/Cours/M2/S1/sysEmb/VHDL/space-invader-fpga/gowin_fpga_project/src/lcd_leds/image_text_line.v":105)
WARN  (EX3791) : Expression size 33 truncated to fit in target size 12("/home/nono/Documents/Cours/M2/S1/sysEmb/VHDL/space-invader-fpga/gowin_fpga_project/src/lcd_leds/image_text_line.v":106)
WARN  (EX3791) : Expression size 13 truncated to fit in target size 3("/home/nono/Documents/Cours/M2/S1/sysEmb/VHDL/space-invader-fpga/gowin_fpga_project/src/lcd_leds/image_text_line.v":115)
WARN  (EX3791) : Expression size 32 truncated to fit in target size 3("/home/nono/Documents/Cours/M2/S1/sysEmb/VHDL/space-invader-fpga/gowin_fpga_project/src/lcd_leds/image_text_line.v":116)
WARN  (EX3791) : Expression size 13 truncated to fit in target size 8("/home/nono/Documents/Cours/M2/S1/sysEmb/VHDL/space-invader-fpga/gowin_fpga_project/src/lcd_leds/image_text_line.v":118)
WARN  (EX3791) : Expression size 32 truncated to fit in target size 8("/home/nono/Documents/Cours/M2/S1/sysEmb/VHDL/space-invader-fpga/gowin_fpga_project/src/lcd_leds/image_text_line.v":119)
Compiling module 'text_line(TEXT_X0=300,TEXT_Y0=189,TEXT_SIZE=4)'("/home/nono/Documents/Cours/M2/S1/sysEmb/VHDL/space-invader-fpga/gowin_fpga_project/src/lcd_leds/image_text_line.v":2)
Extracting RAM for identifier 'font_mem64'("/home/nono/Documents/Cours/M2/S1/sysEmb/VHDL/space-invader-fpga/gowin_fpga_project/src/lcd_leds/image_text_line.v":29)
WARN  (EX3791) : Expression size 33 truncated to fit in target size 12("/home/nono/Documents/Cours/M2/S1/sysEmb/VHDL/space-invader-fpga/gowin_fpga_project/src/lcd_leds/image_text_line.v":105)
WARN  (EX3791) : Expression size 33 truncated to fit in target size 12("/home/nono/Documents/Cours/M2/S1/sysEmb/VHDL/space-invader-fpga/gowin_fpga_project/src/lcd_leds/image_text_line.v":106)
WARN  (EX3791) : Expression size 13 truncated to fit in target size 3("/home/nono/Documents/Cours/M2/S1/sysEmb/VHDL/space-invader-fpga/gowin_fpga_project/src/lcd_leds/image_text_line.v":115)
WARN  (EX3791) : Expression size 32 truncated to fit in target size 3("/home/nono/Documents/Cours/M2/S1/sysEmb/VHDL/space-invader-fpga/gowin_fpga_project/src/lcd_leds/image_text_line.v":116)
WARN  (EX3791) : Expression size 13 truncated to fit in target size 8("/home/nono/Documents/Cours/M2/S1/sysEmb/VHDL/space-invader-fpga/gowin_fpga_project/src/lcd_leds/image_text_line.v":118)
WARN  (EX3791) : Expression size 32 truncated to fit in target size 8("/home/nono/Documents/Cours/M2/S1/sysEmb/VHDL/space-invader-fpga/gowin_fpga_project/src/lcd_leds/image_text_line.v":119)
Compiling module 'text_line(TEXT_X0=171,TEXT_Y0=99,SCALE=4,TEXT_SIZE=9,COLOR='hd60000)'("/home/nono/Documents/Cours/M2/S1/sysEmb/VHDL/space-invader-fpga/gowin_fpga_project/src/lcd_leds/image_text_line.v":2)
Extracting RAM for identifier 'font_mem64'("/home/nono/Documents/Cours/M2/S1/sysEmb/VHDL/space-invader-fpga/gowin_fpga_project/src/lcd_leds/image_text_line.v":29)
WARN  (EX3791) : Expression size 33 truncated to fit in target size 12("/home/nono/Documents/Cours/M2/S1/sysEmb/VHDL/space-invader-fpga/gowin_fpga_project/src/lcd_leds/image_text_line.v":105)
WARN  (EX3791) : Expression size 33 truncated to fit in target size 12("/home/nono/Documents/Cours/M2/S1/sysEmb/VHDL/space-invader-fpga/gowin_fpga_project/src/lcd_leds/image_text_line.v":106)
WARN  (EX3791) : Expression size 32 truncated to fit in target size 3("/home/nono/Documents/Cours/M2/S1/sysEmb/VHDL/space-invader-fpga/gowin_fpga_project/src/lcd_leds/image_text_line.v":115)
WARN  (EX3791) : Expression size 32 truncated to fit in target size 3("/home/nono/Documents/Cours/M2/S1/sysEmb/VHDL/space-invader-fpga/gowin_fpga_project/src/lcd_leds/image_text_line.v":116)
WARN  (EX3791) : Expression size 32 truncated to fit in target size 8("/home/nono/Documents/Cours/M2/S1/sysEmb/VHDL/space-invader-fpga/gowin_fpga_project/src/lcd_leds/image_text_line.v":118)
WARN  (EX3791) : Expression size 32 truncated to fit in target size 8("/home/nono/Documents/Cours/M2/S1/sysEmb/VHDL/space-invader-fpga/gowin_fpga_project/src/lcd_leds/image_text_line.v":119)
Compiling module 'text_line(TEXT_X0=6,TEXT_Y0=300,TEXT_SIZE=5)'("/home/nono/Documents/Cours/M2/S1/sysEmb/VHDL/space-invader-fpga/gowin_fpga_project/src/lcd_leds/image_text_line.v":2)
Extracting RAM for identifier 'font_mem64'("/home/nono/Documents/Cours/M2/S1/sysEmb/VHDL/space-invader-fpga/gowin_fpga_project/src/lcd_leds/image_text_line.v":29)
WARN  (EX3791) : Expression size 33 truncated to fit in target size 12("/home/nono/Documents/Cours/M2/S1/sysEmb/VHDL/space-invader-fpga/gowin_fpga_project/src/lcd_leds/image_text_line.v":105)
WARN  (EX3791) : Expression size 33 truncated to fit in target size 12("/home/nono/Documents/Cours/M2/S1/sysEmb/VHDL/space-invader-fpga/gowin_fpga_project/src/lcd_leds/image_text_line.v":106)
WARN  (EX3791) : Expression size 13 truncated to fit in target size 3("/home/nono/Documents/Cours/M2/S1/sysEmb/VHDL/space-invader-fpga/gowin_fpga_project/src/lcd_leds/image_text_line.v":115)
WARN  (EX3791) : Expression size 32 truncated to fit in target size 3("/home/nono/Documents/Cours/M2/S1/sysEmb/VHDL/space-invader-fpga/gowin_fpga_project/src/lcd_leds/image_text_line.v":116)
WARN  (EX3791) : Expression size 13 truncated to fit in target size 8("/home/nono/Documents/Cours/M2/S1/sysEmb/VHDL/space-invader-fpga/gowin_fpga_project/src/lcd_leds/image_text_line.v":118)
WARN  (EX3791) : Expression size 32 truncated to fit in target size 8("/home/nono/Documents/Cours/M2/S1/sysEmb/VHDL/space-invader-fpga/gowin_fpga_project/src/lcd_leds/image_text_line.v":119)
Compiling module 'text_line(TEXT_X0=36,TEXT_Y0=312,TEXT_SIZE=4)'("/home/nono/Documents/Cours/M2/S1/sysEmb/VHDL/space-invader-fpga/gowin_fpga_project/src/lcd_leds/image_text_line.v":2)
Extracting RAM for identifier 'font_mem64'("/home/nono/Documents/Cours/M2/S1/sysEmb/VHDL/space-invader-fpga/gowin_fpga_project/src/lcd_leds/image_text_line.v":29)
WARN  (EX3791) : Expression size 33 truncated to fit in target size 12("/home/nono/Documents/Cours/M2/S1/sysEmb/VHDL/space-invader-fpga/gowin_fpga_project/src/lcd_leds/image_text_line.v":105)
WARN  (EX3791) : Expression size 33 truncated to fit in target size 12("/home/nono/Documents/Cours/M2/S1/sysEmb/VHDL/space-invader-fpga/gowin_fpga_project/src/lcd_leds/image_text_line.v":106)
WARN  (EX3791) : Expression size 13 truncated to fit in target size 3("/home/nono/Documents/Cours/M2/S1/sysEmb/VHDL/space-invader-fpga/gowin_fpga_project/src/lcd_leds/image_text_line.v":115)
WARN  (EX3791) : Expression size 32 truncated to fit in target size 3("/home/nono/Documents/Cours/M2/S1/sysEmb/VHDL/space-invader-fpga/gowin_fpga_project/src/lcd_leds/image_text_line.v":116)
WARN  (EX3791) : Expression size 13 truncated to fit in target size 8("/home/nono/Documents/Cours/M2/S1/sysEmb/VHDL/space-invader-fpga/gowin_fpga_project/src/lcd_leds/image_text_line.v":118)
WARN  (EX3791) : Expression size 32 truncated to fit in target size 8("/home/nono/Documents/Cours/M2/S1/sysEmb/VHDL/space-invader-fpga/gowin_fpga_project/src/lcd_leds/image_text_line.v":119)
Compiling module 'text_line(TEXT_X0=6,TEXT_Y0=45,TEXT_SIZE=8)'("/home/nono/Documents/Cours/M2/S1/sysEmb/VHDL/space-invader-fpga/gowin_fpga_project/src/lcd_leds/image_text_line.v":2)
Extracting RAM for identifier 'font_mem64'("/home/nono/Documents/Cours/M2/S1/sysEmb/VHDL/space-invader-fpga/gowin_fpga_project/src/lcd_leds/image_text_line.v":29)
WARN  (EX3791) : Expression size 33 truncated to fit in target size 12("/home/nono/Documents/Cours/M2/S1/sysEmb/VHDL/space-invader-fpga/gowin_fpga_project/src/lcd_leds/image_text_line.v":105)
WARN  (EX3791) : Expression size 33 truncated to fit in target size 12("/home/nono/Documents/Cours/M2/S1/sysEmb/VHDL/space-invader-fpga/gowin_fpga_project/src/lcd_leds/image_text_line.v":106)
WARN  (EX3791) : Expression size 13 truncated to fit in target size 3("/home/nono/Documents/Cours/M2/S1/sysEmb/VHDL/space-invader-fpga/gowin_fpga_project/src/lcd_leds/image_text_line.v":115)
WARN  (EX3791) : Expression size 32 truncated to fit in target size 3("/home/nono/Documents/Cours/M2/S1/sysEmb/VHDL/space-invader-fpga/gowin_fpga_project/src/lcd_leds/image_text_line.v":116)
WARN  (EX3791) : Expression size 13 truncated to fit in target size 8("/home/nono/Documents/Cours/M2/S1/sysEmb/VHDL/space-invader-fpga/gowin_fpga_project/src/lcd_leds/image_text_line.v":118)
WARN  (EX3791) : Expression size 32 truncated to fit in target size 8("/home/nono/Documents/Cours/M2/S1/sysEmb/VHDL/space-invader-fpga/gowin_fpga_project/src/lcd_leds/image_text_line.v":119)
Compiling module 'text_line(TEXT_X0=36,TEXT_Y0=90,TEXT_SIZE=4)'("/home/nono/Documents/Cours/M2/S1/sysEmb/VHDL/space-invader-fpga/gowin_fpga_project/src/lcd_leds/image_text_line.v":2)
Extracting RAM for identifier 'font_mem64'("/home/nono/Documents/Cours/M2/S1/sysEmb/VHDL/space-invader-fpga/gowin_fpga_project/src/lcd_leds/image_text_line.v":29)
WARN  (EX3791) : Expression size 33 truncated to fit in target size 12("/home/nono/Documents/Cours/M2/S1/sysEmb/VHDL/space-invader-fpga/gowin_fpga_project/src/lcd_leds/image_text_line.v":105)
WARN  (EX3791) : Expression size 33 truncated to fit in target size 12("/home/nono/Documents/Cours/M2/S1/sysEmb/VHDL/space-invader-fpga/gowin_fpga_project/src/lcd_leds/image_text_line.v":106)
WARN  (EX3791) : Expression size 13 truncated to fit in target size 3("/home/nono/Documents/Cours/M2/S1/sysEmb/VHDL/space-invader-fpga/gowin_fpga_project/src/lcd_leds/image_text_line.v":115)
WARN  (EX3791) : Expression size 32 truncated to fit in target size 3("/home/nono/Documents/Cours/M2/S1/sysEmb/VHDL/space-invader-fpga/gowin_fpga_project/src/lcd_leds/image_text_line.v":116)
WARN  (EX3791) : Expression size 13 truncated to fit in target size 8("/home/nono/Documents/Cours/M2/S1/sysEmb/VHDL/space-invader-fpga/gowin_fpga_project/src/lcd_leds/image_text_line.v":118)
WARN  (EX3791) : Expression size 32 truncated to fit in target size 8("/home/nono/Documents/Cours/M2/S1/sysEmb/VHDL/space-invader-fpga/gowin_fpga_project/src/lcd_leds/image_text_line.v":119)
Compiling module 'gun_pixel_mod'("/home/nono/Documents/Cours/M2/S1/sysEmb/VHDL/space-invader-fpga/gowin_fpga_project/src/lcd_leds/image_gun.v":1)
WARN  (EX3791) : Expression size 13 truncated to fit in target size 12("/home/nono/Documents/Cours/M2/S1/sysEmb/VHDL/space-invader-fpga/gowin_fpga_project/src/lcd_leds/image_gun.v":53)
WARN  (EX3791) : Expression size 13 truncated to fit in target size 12("/home/nono/Documents/Cours/M2/S1/sysEmb/VHDL/space-invader-fpga/gowin_fpga_project/src/lcd_leds/image_gun.v":54)
WARN  (EX3791) : Expression size 11 truncated to fit in target size 6("/home/nono/Documents/Cours/M2/S1/sysEmb/VHDL/space-invader-fpga/gowin_fpga_project/src/lcd_leds/image_gun.v":56)
WARN  (EX3791) : Expression size 11 truncated to fit in target size 5("/home/nono/Documents/Cours/M2/S1/sysEmb/VHDL/space-invader-fpga/gowin_fpga_project/src/lcd_leds/image_gun.v":57)
Compiling module 'wall_pixel_mod(FIG_Y0=50)'("/home/nono/Documents/Cours/M2/S1/sysEmb/VHDL/space-invader-fpga/gowin_fpga_project/src/lcd_leds/image_walls.v":1)
WARN  (EX3791) : Expression size 33 truncated to fit in target size 12("/home/nono/Documents/Cours/M2/S1/sysEmb/VHDL/space-invader-fpga/gowin_fpga_project/src/lcd_leds/image_walls.v":51)
WARN  (EX3791) : Expression size 33 truncated to fit in target size 12("/home/nono/Documents/Cours/M2/S1/sysEmb/VHDL/space-invader-fpga/gowin_fpga_project/src/lcd_leds/image_walls.v":52)
WARN  (EX3791) : Expression size 10 truncated to fit in target size 6("/home/nono/Documents/Cours/M2/S1/sysEmb/VHDL/space-invader-fpga/gowin_fpga_project/src/lcd_leds/image_walls.v":54)
WARN  (EX3791) : Expression size 10 truncated to fit in target size 5("/home/nono/Documents/Cours/M2/S1/sysEmb/VHDL/space-invader-fpga/gowin_fpga_project/src/lcd_leds/image_walls.v":55)
Compiling module 'wall_pixel_mod(FIG_Y0=200)'("/home/nono/Documents/Cours/M2/S1/sysEmb/VHDL/space-invader-fpga/gowin_fpga_project/src/lcd_leds/image_walls.v":1)
WARN  (EX3791) : Expression size 33 truncated to fit in target size 12("/home/nono/Documents/Cours/M2/S1/sysEmb/VHDL/space-invader-fpga/gowin_fpga_project/src/lcd_leds/image_walls.v":51)
WARN  (EX3791) : Expression size 33 truncated to fit in target size 12("/home/nono/Documents/Cours/M2/S1/sysEmb/VHDL/space-invader-fpga/gowin_fpga_project/src/lcd_leds/image_walls.v":52)
WARN  (EX3791) : Expression size 10 truncated to fit in target size 6("/home/nono/Documents/Cours/M2/S1/sysEmb/VHDL/space-invader-fpga/gowin_fpga_project/src/lcd_leds/image_walls.v":54)
WARN  (EX3791) : Expression size 10 truncated to fit in target size 5("/home/nono/Documents/Cours/M2/S1/sysEmb/VHDL/space-invader-fpga/gowin_fpga_project/src/lcd_leds/image_walls.v":55)
Compiling module 'wall_pixel_mod(FIG_Y0=350)'("/home/nono/Documents/Cours/M2/S1/sysEmb/VHDL/space-invader-fpga/gowin_fpga_project/src/lcd_leds/image_walls.v":1)
WARN  (EX3791) : Expression size 33 truncated to fit in target size 12("/home/nono/Documents/Cours/M2/S1/sysEmb/VHDL/space-invader-fpga/gowin_fpga_project/src/lcd_leds/image_walls.v":51)
WARN  (EX3791) : Expression size 33 truncated to fit in target size 12("/home/nono/Documents/Cours/M2/S1/sysEmb/VHDL/space-invader-fpga/gowin_fpga_project/src/lcd_leds/image_walls.v":52)
WARN  (EX3791) : Expression size 10 truncated to fit in target size 6("/home/nono/Documents/Cours/M2/S1/sysEmb/VHDL/space-invader-fpga/gowin_fpga_project/src/lcd_leds/image_walls.v":54)
WARN  (EX3791) : Expression size 10 truncated to fit in target size 5("/home/nono/Documents/Cours/M2/S1/sysEmb/VHDL/space-invader-fpga/gowin_fpga_project/src/lcd_leds/image_walls.v":55)
Compiling module 'bullet_pixel_mod'("/home/nono/Documents/Cours/M2/S1/sysEmb/VHDL/space-invader-fpga/gowin_fpga_project/src/lcd_leds/image_bullet.v":1)
WARN  (EX3791) : Expression size 13 truncated to fit in target size 12("/home/nono/Documents/Cours/M2/S1/sysEmb/VHDL/space-invader-fpga/gowin_fpga_project/src/lcd_leds/image_bullet.v":95)
Compiling module 'enemies_top'("/home/nono/Documents/Cours/M2/S1/sysEmb/VHDL/space-invader-fpga/gowin_fpga_project/src/lcd_leds/enemies_top.v":4)
Compiling module 'enemy_control(MAX_Y=490,MAX_X=655,ENEMY_WIDTH=46,ENEMY_HEIGHT=42,X0=100,Y0=45)'("/home/nono/Documents/Cours/M2/S1/sysEmb/VHDL/space-invader-fpga/gowin_fpga_project/src/lcd_leds/enemies_logic.v":4)
WARN  (EX3791) : Expression size 13 truncated to fit in target size 12("/home/nono/Documents/Cours/M2/S1/sysEmb/VHDL/space-invader-fpga/gowin_fpga_project/src/lcd_leds/enemies_logic.v":135)
WARN  (EX3791) : Expression size 32 truncated to fit in target size 3("/home/nono/Documents/Cours/M2/S1/sysEmb/VHDL/space-invader-fpga/gowin_fpga_project/src/lcd_leds/enemies_logic.v":149)
WARN  (EX3791) : Expression size 32 truncated to fit in target size 12("/home/nono/Documents/Cours/M2/S1/sysEmb/VHDL/space-invader-fpga/gowin_fpga_project/src/lcd_leds/enemies_logic.v":159)
WARN  (EX3791) : Expression size 32 truncated to fit in target size 3("/home/nono/Documents/Cours/M2/S1/sysEmb/VHDL/space-invader-fpga/gowin_fpga_project/src/lcd_leds/enemies_logic.v":172)
WARN  (EX3791) : Expression size 13 truncated to fit in target size 12("/home/nono/Documents/Cours/M2/S1/sysEmb/VHDL/space-invader-fpga/gowin_fpga_project/src/lcd_leds/enemies_logic.v":180)
WARN  (EX3791) : Expression size 32 truncated to fit in target size 26("/home/nono/Documents/Cours/M2/S1/sysEmb/VHDL/space-invader-fpga/gowin_fpga_project/src/lcd_leds/enemies_logic.v":211)
Compiling module 'enemy_renderer(ENEMY_WIDTH=46,ENEMY_HEIGHT=42)'("/home/nono/Documents/Cours/M2/S1/sysEmb/VHDL/space-invader-fpga/gowin_fpga_project/src/lcd_leds/image_enemy.v":3)
WARN  (EX3791) : Expression size 11 truncated to fit in target size 5("/home/nono/Documents/Cours/M2/S1/sysEmb/VHDL/space-invader-fpga/gowin_fpga_project/src/lcd_leds/image_enemy.v":75)
WARN  (EX3791) : Expression size 11 truncated to fit in target size 5("/home/nono/Documents/Cours/M2/S1/sysEmb/VHDL/space-invader-fpga/gowin_fpga_project/src/lcd_leds/image_enemy.v":76)
Compiling module 'explosion_pixel_mod'("/home/nono/Documents/Cours/M2/S1/sysEmb/VHDL/space-invader-fpga/gowin_fpga_project/src/lcd_leds/image_explosion.v":3)
WARN  (EX3791) : Expression size 11 truncated to fit in target size 6("/home/nono/Documents/Cours/M2/S1/sysEmb/VHDL/space-invader-fpga/gowin_fpga_project/src/lcd_leds/image_explosion.v":74)
WARN  (EX3791) : Expression size 11 truncated to fit in target size 5("/home/nono/Documents/Cours/M2/S1/sysEmb/VHDL/space-invader-fpga/gowin_fpga_project/src/lcd_leds/image_explosion.v":75)
WARN  (EX3791) : Expression size 13 truncated to fit in target size 12("/home/nono/Documents/Cours/M2/S1/sysEmb/VHDL/space-invader-fpga/gowin_fpga_project/src/lcd_leds/image_explosion.v":83)
WARN  (EX3791) : Expression size 13 truncated to fit in target size 12("/home/nono/Documents/Cours/M2/S1/sysEmb/VHDL/space-invader-fpga/gowin_fpga_project/src/lcd_leds/image_explosion.v":84)
WARN  (EX2565) : Input 'clk' on this instance is undriven. Assigning to 0, simulation mismatch possible. Please assign the input or remove the declaration("/home/nono/Documents/Cours/M2/S1/sysEmb/VHDL/space-invader-fpga/gowin_fpga_project/src/lcd_leds/enemies_top.v":91)
WARN  (EX2565) : Input 'rst_n' on this instance is undriven. Assigning to 0, simulation mismatch possible. Please assign the input or remove the declaration("/home/nono/Documents/Cours/M2/S1/sysEmb/VHDL/space-invader-fpga/gowin_fpga_project/src/lcd_leds/enemies_top.v":91)
Compiling module 'reset_control'("/home/nono/Documents/Cours/M2/S1/sysEmb/VHDL/space-invader-fpga/gowin_fpga_project/src/reset.v":3)
Compiling module 'countdown_timer'("/home/nono/Documents/Cours/M2/S1/sysEmb/VHDL/space-invader-fpga/gowin_fpga_project/src/countdown_timer.v":16)
Compiling module 'sram(SRAM_ADDR_WIDTH=12)'("/home/nono/Documents/Cours/M2/S1/sysEmb/VHDL/space-invader-fpga/gowin_fpga_project/src/sram.v":6)
Compiling module 'sram8(SRAM_ADDR_WIDTH=12,MEM_INIT_FILE="mem_init3.ini")'("/home/nono/Documents/Cours/M2/S1/sysEmb/VHDL/space-invader-fpga/gowin_fpga_project/src/sram8bit.v":15)
Extracting RAM for identifier 'mem'("/home/nono/Documents/Cours/M2/S1/sysEmb/VHDL/space-invader-fpga/gowin_fpga_project/src/sram8bit.v":30)
Compiling module 'sram8(SRAM_ADDR_WIDTH=12,MEM_INIT_FILE="mem_init2.ini")'("/home/nono/Documents/Cours/M2/S1/sysEmb/VHDL/space-invader-fpga/gowin_fpga_project/src/sram8bit.v":15)
Extracting RAM for identifier 'mem'("/home/nono/Documents/Cours/M2/S1/sysEmb/VHDL/space-invader-fpga/gowin_fpga_project/src/sram8bit.v":30)
Compiling module 'sram8(SRAM_ADDR_WIDTH=12,MEM_INIT_FILE="mem_init1.ini")'("/home/nono/Documents/Cours/M2/S1/sysEmb/VHDL/space-invader-fpga/gowin_fpga_project/src/sram8bit.v":15)
Extracting RAM for identifier 'mem'("/home/nono/Documents/Cours/M2/S1/sysEmb/VHDL/space-invader-fpga/gowin_fpga_project/src/sram8bit.v":30)
Compiling module 'sram8(SRAM_ADDR_WIDTH=12,MEM_INIT_FILE="mem_init0.ini")'("/home/nono/Documents/Cours/M2/S1/sysEmb/VHDL/space-invader-fpga/gowin_fpga_project/src/sram8bit.v":15)
Extracting RAM for identifier 'mem'("/home/nono/Documents/Cours/M2/S1/sysEmb/VHDL/space-invader-fpga/gowin_fpga_project/src/sram8bit.v":30)
Compiling module 'picorv32(ENABLE_IRQ=1,ENABLE_IRQ_QREGS=0,PROGADDR_RESET=32'b00000000000000000000000000000000,PROGADDR_IRQ=32'b00000000000000000000000000000000,STACKADDR=32'b00000000000000000100000000000000)'("/home/nono/Documents/Cours/M2/S1/sysEmb/VHDL/space-invader-fpga/gowin_fpga_project/src/picorv32.v":62)
Extracting RAM for identifier 'cpuregs'("/home/nono/Documents/Cours/M2/S1/sysEmb/VHDL/space-invader-fpga/gowin_fpga_project/src/picorv32.v":203)
WARN  (EX3827) : Synthesis - simulation differences may occur when using full_case directive("/home/nono/Documents/Cours/M2/S1/sysEmb/VHDL/space-invader-fpga/gowin_fpga_project/src/picorv32.v":403)
WARN  (EX3826) : Synthesis - simulation differences may occur when using parallel_case directive("/home/nono/Documents/Cours/M2/S1/sysEmb/VHDL/space-invader-fpga/gowin_fpga_project/src/picorv32.v":1120)
WARN  (EX3791) : Expression size 33 truncated to fit in target size 32("/home/nono/Documents/Cours/M2/S1/sysEmb/VHDL/space-invader-fpga/gowin_fpga_project/src/picorv32.v":1245)
WARN  (EX3791) : Expression size 32 truncated to fit in target size 1("/home/nono/Documents/Cours/M2/S1/sysEmb/VHDL/space-invader-fpga/gowin_fpga_project/src/picorv32.v":1250)
WARN  (EX3827) : Synthesis - simulation differences may occur when using full_case directive("/home/nono/Documents/Cours/M2/S1/sysEmb/VHDL/space-invader-fpga/gowin_fpga_project/src/picorv32.v":1252)
WARN  (EX3826) : Synthesis - simulation differences may occur when using parallel_case directive("/home/nono/Documents/Cours/M2/S1/sysEmb/VHDL/space-invader-fpga/gowin_fpga_project/src/picorv32.v":1252)
WARN  (EX3827) : Synthesis - simulation differences may occur when using full_case directive("/home/nono/Documents/Cours/M2/S1/sysEmb/VHDL/space-invader-fpga/gowin_fpga_project/src/picorv32.v":1269)
WARN  (EX3826) : Synthesis - simulation differences may occur when using parallel_case directive("/home/nono/Documents/Cours/M2/S1/sysEmb/VHDL/space-invader-fpga/gowin_fpga_project/src/picorv32.v":1269)
WARN  (EX3826) : Synthesis - simulation differences may occur when using parallel_case directive("/home/nono/Documents/Cours/M2/S1/sysEmb/VHDL/space-invader-fpga/gowin_fpga_project/src/picorv32.v":1315)
WARN  (EX3791) : Expression size 32 truncated to fit in target size 5("/home/nono/Documents/Cours/M2/S1/sysEmb/VHDL/space-invader-fpga/gowin_fpga_project/src/picorv32.v":1349)
WARN  (EX3791) : Expression size 32 truncated to fit in target size 5("/home/nono/Documents/Cours/M2/S1/sysEmb/VHDL/space-invader-fpga/gowin_fpga_project/src/picorv32.v":1404)
WARN  (EX3826) : Synthesis - simulation differences may occur when using parallel_case directive("/home/nono/Documents/Cours/M2/S1/sysEmb/VHDL/space-invader-fpga/gowin_fpga_project/src/picorv32.v":1498)
WARN  (EX3827) : Synthesis - simulation differences may occur when using full_case directive("/home/nono/Documents/Cours/M2/S1/sysEmb/VHDL/space-invader-fpga/gowin_fpga_project/src/picorv32.v":1628)
WARN  (EX3826) : Synthesis - simulation differences may occur when using parallel_case directive("/home/nono/Documents/Cours/M2/S1/sysEmb/VHDL/space-invader-fpga/gowin_fpga_project/src/picorv32.v":1628)
WARN  (EX3826) : Synthesis - simulation differences may occur when using parallel_case directive("/home/nono/Documents/Cours/M2/S1/sysEmb/VHDL/space-invader-fpga/gowin_fpga_project/src/picorv32.v":1584)
WARN  (EX3791) : Expression size 32 truncated to fit in target size 5("/home/nono/Documents/Cours/M2/S1/sysEmb/VHDL/space-invader-fpga/gowin_fpga_project/src/picorv32.v":1731)
WARN  (EX3826) : Synthesis - simulation differences may occur when using parallel_case directive("/home/nono/Documents/Cours/M2/S1/sysEmb/VHDL/space-invader-fpga/gowin_fpga_project/src/picorv32.v":1736)
WARN  (EX3791) : Expression size 32 truncated to fit in target size 5("/home/nono/Documents/Cours/M2/S1/sysEmb/VHDL/space-invader-fpga/gowin_fpga_project/src/picorv32.v":1761)
WARN  (EX3826) : Synthesis - simulation differences may occur when using parallel_case directive("/home/nono/Documents/Cours/M2/S1/sysEmb/VHDL/space-invader-fpga/gowin_fpga_project/src/picorv32.v":1767)
WARN  (EX3827) : Synthesis - simulation differences may occur when using full_case directive("/home/nono/Documents/Cours/M2/S1/sysEmb/VHDL/space-invader-fpga/gowin_fpga_project/src/picorv32.v":1837)
WARN  (EX3826) : Synthesis - simulation differences may occur when using parallel_case directive("/home/nono/Documents/Cours/M2/S1/sysEmb/VHDL/space-invader-fpga/gowin_fpga_project/src/picorv32.v":1837)
WARN  (EX3791) : Expression size 32 truncated to fit in target size 5("/home/nono/Documents/Cours/M2/S1/sysEmb/VHDL/space-invader-fpga/gowin_fpga_project/src/picorv32.v":1842)
WARN  (EX3827) : Synthesis - simulation differences may occur when using full_case directive("/home/nono/Documents/Cours/M2/S1/sysEmb/VHDL/space-invader-fpga/gowin_fpga_project/src/picorv32.v":1845)
WARN  (EX3826) : Synthesis - simulation differences may occur when using parallel_case directive("/home/nono/Documents/Cours/M2/S1/sysEmb/VHDL/space-invader-fpga/gowin_fpga_project/src/picorv32.v":1845)
WARN  (EX3791) : Expression size 32 truncated to fit in target size 5("/home/nono/Documents/Cours/M2/S1/sysEmb/VHDL/space-invader-fpga/gowin_fpga_project/src/picorv32.v":1850)
WARN  (EX3827) : Synthesis - simulation differences may occur when using full_case directive("/home/nono/Documents/Cours/M2/S1/sysEmb/VHDL/space-invader-fpga/gowin_fpga_project/src/picorv32.v":1860)
WARN  (EX3826) : Synthesis - simulation differences may occur when using parallel_case directive("/home/nono/Documents/Cours/M2/S1/sysEmb/VHDL/space-invader-fpga/gowin_fpga_project/src/picorv32.v":1860)
WARN  (EX3827) : Synthesis - simulation differences may occur when using full_case directive("/home/nono/Documents/Cours/M2/S1/sysEmb/VHDL/space-invader-fpga/gowin_fpga_project/src/picorv32.v":1885)
WARN  (EX3826) : Synthesis - simulation differences may occur when using parallel_case directive("/home/nono/Documents/Cours/M2/S1/sysEmb/VHDL/space-invader-fpga/gowin_fpga_project/src/picorv32.v":1885)
WARN  (EX3827) : Synthesis - simulation differences may occur when using full_case directive("/home/nono/Documents/Cours/M2/S1/sysEmb/VHDL/space-invader-fpga/gowin_fpga_project/src/picorv32.v":1902)
WARN  (EX3826) : Synthesis - simulation differences may occur when using parallel_case directive("/home/nono/Documents/Cours/M2/S1/sysEmb/VHDL/space-invader-fpga/gowin_fpga_project/src/picorv32.v":1902)
WARN  (EX3827) : Synthesis - simulation differences may occur when using full_case directive("/home/nono/Documents/Cours/M2/S1/sysEmb/VHDL/space-invader-fpga/gowin_fpga_project/src/picorv32.v":1486)
WARN  (EX1998) : Net 'game_score_ready' does not have a driver("/home/nono/Documents/Cours/M2/S1/sysEmb/VHDL/space-invader-fpga/gowin_fpga_project/src/top.v":66)
WARN  (EX1998) : Net 'game_score_data_o[31]' does not have a driver("/home/nono/Documents/Cours/M2/S1/sysEmb/VHDL/space-invader-fpga/gowin_fpga_project/src/top.v":71)
WARN  (EX2565) : Input 'pcpi_wr' on this instance is undriven. Assigning to 0, simulation mismatch possible. Please assign the input or remove the declaration("/home/nono/Documents/Cours/M2/S1/sysEmb/VHDL/space-invader-fpga/gowin_fpga_project/src/top.v":305)
WARN  (EX2565) : Input 'pcpi_rd[31]' on this instance is undriven. Assigning to 0, simulation mismatch possible. Please assign the input or remove the declaration("/home/nono/Documents/Cours/M2/S1/sysEmb/VHDL/space-invader-fpga/gowin_fpga_project/src/top.v":305)
WARN  (EX2565) : Input 'pcpi_rd[30]' on this instance is undriven. Assigning to 0, simulation mismatch possible. Please assign the input or remove the declaration("/home/nono/Documents/Cours/M2/S1/sysEmb/VHDL/space-invader-fpga/gowin_fpga_project/src/top.v":305)
WARN  (EX2565) : Input 'pcpi_rd[29]' on this instance is undriven. Assigning to 0, simulation mismatch possible. Please assign the input or remove the declaration("/home/nono/Documents/Cours/M2/S1/sysEmb/VHDL/space-invader-fpga/gowin_fpga_project/src/top.v":305)
WARN  (EX2565) : Input 'pcpi_rd[28]' on this instance is undriven. Assigning to 0, simulation mismatch possible. Please assign the input or remove the declaration("/home/nono/Documents/Cours/M2/S1/sysEmb/VHDL/space-invader-fpga/gowin_fpga_project/src/top.v":305)
WARN  (EX2565) : Input 'pcpi_rd[27]' on this instance is undriven. Assigning to 0, simulation mismatch possible. Please assign the input or remove the declaration("/home/nono/Documents/Cours/M2/S1/sysEmb/VHDL/space-invader-fpga/gowin_fpga_project/src/top.v":305)
WARN  (EX2565) : Input 'pcpi_rd[26]' on this instance is undriven. Assigning to 0, simulation mismatch possible. Please assign the input or remove the declaration("/home/nono/Documents/Cours/M2/S1/sysEmb/VHDL/space-invader-fpga/gowin_fpga_project/src/top.v":305)
WARN  (EX2565) : Input 'pcpi_rd[25]' on this instance is undriven. Assigning to 0, simulation mismatch possible. Please assign the input or remove the declaration("/home/nono/Documents/Cours/M2/S1/sysEmb/VHDL/space-invader-fpga/gowin_fpga_project/src/top.v":305)
WARN  (EX2565) : Input 'pcpi_rd[24]' on this instance is undriven. Assigning to 0, simulation mismatch possible. Please assign the input or remove the declaration("/home/nono/Documents/Cours/M2/S1/sysEmb/VHDL/space-invader-fpga/gowin_fpga_project/src/top.v":305)
WARN  (EX2565) : Input 'pcpi_rd[23]' on this instance is undriven. Assigning to 0, simulation mismatch possible. Please assign the input or remove the declaration("/home/nono/Documents/Cours/M2/S1/sysEmb/VHDL/space-invader-fpga/gowin_fpga_project/src/top.v":305)
WARN  (EX2565) : Input 'pcpi_rd[22]' on this instance is undriven. Assigning to 0, simulation mismatch possible. Please assign the input or remove the declaration("/home/nono/Documents/Cours/M2/S1/sysEmb/VHDL/space-invader-fpga/gowin_fpga_project/src/top.v":305)
WARN  (EX2565) : Input 'pcpi_rd[21]' on this instance is undriven. Assigning to 0, simulation mismatch possible. Please assign the input or remove the declaration("/home/nono/Documents/Cours/M2/S1/sysEmb/VHDL/space-invader-fpga/gowin_fpga_project/src/top.v":305)
WARN  (EX2565) : Input 'pcpi_rd[20]' on this instance is undriven. Assigning to 0, simulation mismatch possible. Please assign the input or remove the declaration("/home/nono/Documents/Cours/M2/S1/sysEmb/VHDL/space-invader-fpga/gowin_fpga_project/src/top.v":305)
WARN  (EX2565) : Input 'pcpi_rd[19]' on this instance is undriven. Assigning to 0, simulation mismatch possible. Please assign the input or remove the declaration("/home/nono/Documents/Cours/M2/S1/sysEmb/VHDL/space-invader-fpga/gowin_fpga_project/src/top.v":305)
WARN  (EX2565) : Input 'pcpi_rd[18]' on this instance is undriven. Assigning to 0, simulation mismatch possible. Please assign the input or remove the declaration("/home/nono/Documents/Cours/M2/S1/sysEmb/VHDL/space-invader-fpga/gowin_fpga_project/src/top.v":305)
WARN  (EX2565) : Input 'pcpi_rd[17]' on this instance is undriven. Assigning to 0, simulation mismatch possible. Please assign the input or remove the declaration("/home/nono/Documents/Cours/M2/S1/sysEmb/VHDL/space-invader-fpga/gowin_fpga_project/src/top.v":305)
WARN  (EX2565) : Input 'pcpi_rd[16]' on this instance is undriven. Assigning to 0, simulation mismatch possible. Please assign the input or remove the declaration("/home/nono/Documents/Cours/M2/S1/sysEmb/VHDL/space-invader-fpga/gowin_fpga_project/src/top.v":305)
WARN  (EX2565) : Input 'pcpi_rd[15]' on this instance is undriven. Assigning to 0, simulation mismatch possible. Please assign the input or remove the declaration("/home/nono/Documents/Cours/M2/S1/sysEmb/VHDL/space-invader-fpga/gowin_fpga_project/src/top.v":305)
WARN  (EX2565) : Input 'pcpi_rd[14]' on this instance is undriven. Assigning to 0, simulation mismatch possible. Please assign the input or remove the declaration("/home/nono/Documents/Cours/M2/S1/sysEmb/VHDL/space-invader-fpga/gowin_fpga_project/src/top.v":305)
WARN  (EX2565) : Input 'pcpi_rd[13]' on this instance is undriven. Assigning to 0, simulation mismatch possible. Please assign the input or remove the declaration("/home/nono/Documents/Cours/M2/S1/sysEmb/VHDL/space-invader-fpga/gowin_fpga_project/src/top.v":305)
WARN  (EX2565) : Input 'pcpi_rd[12]' on this instance is undriven. Assigning to 0, simulation mismatch possible. Please assign the input or remove the declaration("/home/nono/Documents/Cours/M2/S1/sysEmb/VHDL/space-invader-fpga/gowin_fpga_project/src/top.v":305)
WARN  (EX2565) : Input 'pcpi_rd[11]' on this instance is undriven. Assigning to 0, simulation mismatch possible. Please assign the input or remove the declaration("/home/nono/Documents/Cours/M2/S1/sysEmb/VHDL/space-invader-fpga/gowin_fpga_project/src/top.v":305)
WARN  (EX2565) : Input 'pcpi_rd[10]' on this instance is undriven. Assigning to 0, simulation mismatch possible. Please assign the input or remove the declaration("/home/nono/Documents/Cours/M2/S1/sysEmb/VHDL/space-invader-fpga/gowin_fpga_project/src/top.v":305)
WARN  (EX2565) : Input 'pcpi_rd[9]' on this instance is undriven. Assigning to 0, simulation mismatch possible. Please assign the input or remove the declaration("/home/nono/Documents/Cours/M2/S1/sysEmb/VHDL/space-invader-fpga/gowin_fpga_project/src/top.v":305)
WARN  (EX2565) : Input 'pcpi_rd[8]' on this instance is undriven. Assigning to 0, simulation mismatch possible. Please assign the input or remove the declaration("/home/nono/Documents/Cours/M2/S1/sysEmb/VHDL/space-invader-fpga/gowin_fpga_project/src/top.v":305)
WARN  (EX2565) : Input 'pcpi_rd[7]' on this instance is undriven. Assigning to 0, simulation mismatch possible. Please assign the input or remove the declaration("/home/nono/Documents/Cours/M2/S1/sysEmb/VHDL/space-invader-fpga/gowin_fpga_project/src/top.v":305)
WARN  (EX2565) : Input 'pcpi_rd[6]' on this instance is undriven. Assigning to 0, simulation mismatch possible. Please assign the input or remove the declaration("/home/nono/Documents/Cours/M2/S1/sysEmb/VHDL/space-invader-fpga/gowin_fpga_project/src/top.v":305)
WARN  (EX2565) : Input 'pcpi_rd[5]' on this instance is undriven. Assigning to 0, simulation mismatch possible. Please assign the input or remove the declaration("/home/nono/Documents/Cours/M2/S1/sysEmb/VHDL/space-invader-fpga/gowin_fpga_project/src/top.v":305)
WARN  (EX2565) : Input 'pcpi_rd[4]' on this instance is undriven. Assigning to 0, simulation mismatch possible. Please assign the input or remove the declaration("/home/nono/Documents/Cours/M2/S1/sysEmb/VHDL/space-invader-fpga/gowin_fpga_project/src/top.v":305)
WARN  (EX2565) : Input 'pcpi_rd[3]' on this instance is undriven. Assigning to 0, simulation mismatch possible. Please assign the input or remove the declaration("/home/nono/Documents/Cours/M2/S1/sysEmb/VHDL/space-invader-fpga/gowin_fpga_project/src/top.v":305)
WARN  (EX2565) : Input 'pcpi_rd[2]' on this instance is undriven. Assigning to 0, simulation mismatch possible. Please assign the input or remove the declaration("/home/nono/Documents/Cours/M2/S1/sysEmb/VHDL/space-invader-fpga/gowin_fpga_project/src/top.v":305)
WARN  (EX2565) : Input 'pcpi_rd[1]' on this instance is undriven. Assigning to 0, simulation mismatch possible. Please assign the input or remove the declaration("/home/nono/Documents/Cours/M2/S1/sysEmb/VHDL/space-invader-fpga/gowin_fpga_project/src/top.v":305)
WARN  (EX2565) : Input 'pcpi_rd[0]' on this instance is undriven. Assigning to 0, simulation mismatch possible. Please assign the input or remove the declaration("/home/nono/Documents/Cours/M2/S1/sysEmb/VHDL/space-invader-fpga/gowin_fpga_project/src/top.v":305)
WARN  (EX2565) : Input 'pcpi_wait' on this instance is undriven. Assigning to 0, simulation mismatch possible. Please assign the input or remove the declaration("/home/nono/Documents/Cours/M2/S1/sysEmb/VHDL/space-invader-fpga/gowin_fpga_project/src/top.v":305)
WARN  (EX2565) : Input 'pcpi_ready' on this instance is undriven. Assigning to 0, simulation mismatch possible. Please assign the input or remove the declaration("/home/nono/Documents/Cours/M2/S1/sysEmb/VHDL/space-invader-fpga/gowin_fpga_project/src/top.v":305)
Compiling module 'gw_gao'("/home/nono/Documents/Cours/M2/S1/sysEmb/VHDL/space-invader-fpga/gowin_fpga_project/impl/gwsynthesis/RTL_GAO/gw_gao_top.v":1)
Compiling module 'GW_JTAG'("/opt/GOWIN/gowin_tools/IDE/data/ipcores/gw_jtag.v":1)
Compiling module '**'("/opt/GOWIN/gowin_tools/IDE/data/ipcores/GAO/GW_CON/gw_con_top.v":377)
Compiling module '**'("/opt/GOWIN/gowin_tools/IDE/data/ipcores/GAO/GW_AO_0/gw_ao_top.v":3042)
Compiling module '**'("/opt/GOWIN/gowin_tools/IDE/data/ipcores/GAO/GW_AO_0/gw_ao_mem_ctrl.v":1256)
Extracting RAM for identifier '**'("/opt/GOWIN/gowin_tools/IDE/data/ipcores/GAO/GW_AO_0/gw_ao_mem_ctrl.v":1256)
Compiling module '**'("/opt/GOWIN/gowin_tools/IDE/data/ipcores/GAO/GW_AO_0/gw_ao_crc32.v":74)
Compiling module '**'("/opt/GOWIN/gowin_tools/IDE/data/ipcores/GAO/GW_AO_0/gw_ao_match.v":374)
Trying to combine GAO to RTL design
NOTE  (EX0101) : Current top module is "top"
WARN  (EX0211) : The output port "pcpi_insn[31]" of module "picorv32(ENABLE_IRQ=1,ENABLE_IRQ_QREGS=0,PROGADDR_RESET=32'b00000000000000000000000000000000,PROGADDR_IRQ=32'b00000000000000000000000000000000,STACKADDR=32'b00000000000000000100000000000000)" has no driver, assigning undriven bits to Z, simulation mismatch possible("/home/nono/Documents/Cours/M2/S1/sysEmb/VHDL/space-invader-fpga/gowin_fpga_project/src/picorv32.v":111)
WARN  (EX0211) : The output port "pcpi_insn[30]" of module "picorv32(ENABLE_IRQ=1,ENABLE_IRQ_QREGS=0,PROGADDR_RESET=32'b00000000000000000000000000000000,PROGADDR_IRQ=32'b00000000000000000000000000000000,STACKADDR=32'b00000000000000000100000000000000)" has no driver, assigning undriven bits to Z, simulation mismatch possible("/home/nono/Documents/Cours/M2/S1/sysEmb/VHDL/space-invader-fpga/gowin_fpga_project/src/picorv32.v":111)
WARN  (EX0211) : The output port "pcpi_insn[29]" of module "picorv32(ENABLE_IRQ=1,ENABLE_IRQ_QREGS=0,PROGADDR_RESET=32'b00000000000000000000000000000000,PROGADDR_IRQ=32'b00000000000000000000000000000000,STACKADDR=32'b00000000000000000100000000000000)" has no driver, assigning undriven bits to Z, simulation mismatch possible("/home/nono/Documents/Cours/M2/S1/sysEmb/VHDL/space-invader-fpga/gowin_fpga_project/src/picorv32.v":111)
WARN  (EX0211) : The output port "pcpi_insn[28]" of module "picorv32(ENABLE_IRQ=1,ENABLE_IRQ_QREGS=0,PROGADDR_RESET=32'b00000000000000000000000000000000,PROGADDR_IRQ=32'b00000000000000000000000000000000,STACKADDR=32'b00000000000000000100000000000000)" has no driver, assigning undriven bits to Z, simulation mismatch possible("/home/nono/Documents/Cours/M2/S1/sysEmb/VHDL/space-invader-fpga/gowin_fpga_project/src/picorv32.v":111)
WARN  (EX0211) : The output port "pcpi_insn[27]" of module "picorv32(ENABLE_IRQ=1,ENABLE_IRQ_QREGS=0,PROGADDR_RESET=32'b00000000000000000000000000000000,PROGADDR_IRQ=32'b00000000000000000000000000000000,STACKADDR=32'b00000000000000000100000000000000)" has no driver, assigning undriven bits to Z, simulation mismatch possible("/home/nono/Documents/Cours/M2/S1/sysEmb/VHDL/space-invader-fpga/gowin_fpga_project/src/picorv32.v":111)
WARN  (EX0211) : The output port "pcpi_insn[26]" of module "picorv32(ENABLE_IRQ=1,ENABLE_IRQ_QREGS=0,PROGADDR_RESET=32'b00000000000000000000000000000000,PROGADDR_IRQ=32'b00000000000000000000000000000000,STACKADDR=32'b00000000000000000100000000000000)" has no driver, assigning undriven bits to Z, simulation mismatch possible("/home/nono/Documents/Cours/M2/S1/sysEmb/VHDL/space-invader-fpga/gowin_fpga_project/src/picorv32.v":111)
WARN  (EX0211) : The output port "pcpi_insn[25]" of module "picorv32(ENABLE_IRQ=1,ENABLE_IRQ_QREGS=0,PROGADDR_RESET=32'b00000000000000000000000000000000,PROGADDR_IRQ=32'b00000000000000000000000000000000,STACKADDR=32'b00000000000000000100000000000000)" has no driver, assigning undriven bits to Z, simulation mismatch possible("/home/nono/Documents/Cours/M2/S1/sysEmb/VHDL/space-invader-fpga/gowin_fpga_project/src/picorv32.v":111)
WARN  (EX0211) : The output port "pcpi_insn[24]" of module "picorv32(ENABLE_IRQ=1,ENABLE_IRQ_QREGS=0,PROGADDR_RESET=32'b00000000000000000000000000000000,PROGADDR_IRQ=32'b00000000000000000000000000000000,STACKADDR=32'b00000000000000000100000000000000)" has no driver, assigning undriven bits to Z, simulation mismatch possible("/home/nono/Documents/Cours/M2/S1/sysEmb/VHDL/space-invader-fpga/gowin_fpga_project/src/picorv32.v":111)
WARN  (EX0211) : The output port "pcpi_insn[23]" of module "picorv32(ENABLE_IRQ=1,ENABLE_IRQ_QREGS=0,PROGADDR_RESET=32'b00000000000000000000000000000000,PROGADDR_IRQ=32'b00000000000000000000000000000000,STACKADDR=32'b00000000000000000100000000000000)" has no driver, assigning undriven bits to Z, simulation mismatch possible("/home/nono/Documents/Cours/M2/S1/sysEmb/VHDL/space-invader-fpga/gowin_fpga_project/src/picorv32.v":111)
WARN  (EX0211) : The output port "pcpi_insn[22]" of module "picorv32(ENABLE_IRQ=1,ENABLE_IRQ_QREGS=0,PROGADDR_RESET=32'b00000000000000000000000000000000,PROGADDR_IRQ=32'b00000000000000000000000000000000,STACKADDR=32'b00000000000000000100000000000000)" has no driver, assigning undriven bits to Z, simulation mismatch possible("/home/nono/Documents/Cours/M2/S1/sysEmb/VHDL/space-invader-fpga/gowin_fpga_project/src/picorv32.v":111)
WARN  (EX0211) : The output port "pcpi_insn[21]" of module "picorv32(ENABLE_IRQ=1,ENABLE_IRQ_QREGS=0,PROGADDR_RESET=32'b00000000000000000000000000000000,PROGADDR_IRQ=32'b00000000000000000000000000000000,STACKADDR=32'b00000000000000000100000000000000)" has no driver, assigning undriven bits to Z, simulation mismatch possible("/home/nono/Documents/Cours/M2/S1/sysEmb/VHDL/space-invader-fpga/gowin_fpga_project/src/picorv32.v":111)
WARN  (EX0211) : The output port "pcpi_insn[20]" of module "picorv32(ENABLE_IRQ=1,ENABLE_IRQ_QREGS=0,PROGADDR_RESET=32'b00000000000000000000000000000000,PROGADDR_IRQ=32'b00000000000000000000000000000000,STACKADDR=32'b00000000000000000100000000000000)" has no driver, assigning undriven bits to Z, simulation mismatch possible("/home/nono/Documents/Cours/M2/S1/sysEmb/VHDL/space-invader-fpga/gowin_fpga_project/src/picorv32.v":111)
WARN  (EX0211) : The output port "pcpi_insn[19]" of module "picorv32(ENABLE_IRQ=1,ENABLE_IRQ_QREGS=0,PROGADDR_RESET=32'b00000000000000000000000000000000,PROGADDR_IRQ=32'b00000000000000000000000000000000,STACKADDR=32'b00000000000000000100000000000000)" has no driver, assigning undriven bits to Z, simulation mismatch possible("/home/nono/Documents/Cours/M2/S1/sysEmb/VHDL/space-invader-fpga/gowin_fpga_project/src/picorv32.v":111)
WARN  (EX0211) : The output port "pcpi_insn[18]" of module "picorv32(ENABLE_IRQ=1,ENABLE_IRQ_QREGS=0,PROGADDR_RESET=32'b00000000000000000000000000000000,PROGADDR_IRQ=32'b00000000000000000000000000000000,STACKADDR=32'b00000000000000000100000000000000)" has no driver, assigning undriven bits to Z, simulation mismatch possible("/home/nono/Documents/Cours/M2/S1/sysEmb/VHDL/space-invader-fpga/gowin_fpga_project/src/picorv32.v":111)
WARN  (EX0211) : The output port "pcpi_insn[17]" of module "picorv32(ENABLE_IRQ=1,ENABLE_IRQ_QREGS=0,PROGADDR_RESET=32'b00000000000000000000000000000000,PROGADDR_IRQ=32'b00000000000000000000000000000000,STACKADDR=32'b00000000000000000100000000000000)" has no driver, assigning undriven bits to Z, simulation mismatch possible("/home/nono/Documents/Cours/M2/S1/sysEmb/VHDL/space-invader-fpga/gowin_fpga_project/src/picorv32.v":111)
WARN  (EX0211) : The output port "pcpi_insn[16]" of module "picorv32(ENABLE_IRQ=1,ENABLE_IRQ_QREGS=0,PROGADDR_RESET=32'b00000000000000000000000000000000,PROGADDR_IRQ=32'b00000000000000000000000000000000,STACKADDR=32'b00000000000000000100000000000000)" has no driver, assigning undriven bits to Z, simulation mismatch possible("/home/nono/Documents/Cours/M2/S1/sysEmb/VHDL/space-invader-fpga/gowin_fpga_project/src/picorv32.v":111)
WARN  (EX0211) : The output port "pcpi_insn[15]" of module "picorv32(ENABLE_IRQ=1,ENABLE_IRQ_QREGS=0,PROGADDR_RESET=32'b00000000000000000000000000000000,PROGADDR_IRQ=32'b00000000000000000000000000000000,STACKADDR=32'b00000000000000000100000000000000)" has no driver, assigning undriven bits to Z, simulation mismatch possible("/home/nono/Documents/Cours/M2/S1/sysEmb/VHDL/space-invader-fpga/gowin_fpga_project/src/picorv32.v":111)
WARN  (EX0211) : The output port "pcpi_insn[14]" of module "picorv32(ENABLE_IRQ=1,ENABLE_IRQ_QREGS=0,PROGADDR_RESET=32'b00000000000000000000000000000000,PROGADDR_IRQ=32'b00000000000000000000000000000000,STACKADDR=32'b00000000000000000100000000000000)" has no driver, assigning undriven bits to Z, simulation mismatch possible("/home/nono/Documents/Cours/M2/S1/sysEmb/VHDL/space-invader-fpga/gowin_fpga_project/src/picorv32.v":111)
WARN  (EX0211) : The output port "pcpi_insn[13]" of module "picorv32(ENABLE_IRQ=1,ENABLE_IRQ_QREGS=0,PROGADDR_RESET=32'b00000000000000000000000000000000,PROGADDR_IRQ=32'b00000000000000000000000000000000,STACKADDR=32'b00000000000000000100000000000000)" has no driver, assigning undriven bits to Z, simulation mismatch possible("/home/nono/Documents/Cours/M2/S1/sysEmb/VHDL/space-invader-fpga/gowin_fpga_project/src/picorv32.v":111)
WARN  (EX0211) : The output port "pcpi_insn[12]" of module "picorv32(ENABLE_IRQ=1,ENABLE_IRQ_QREGS=0,PROGADDR_RESET=32'b00000000000000000000000000000000,PROGADDR_IRQ=32'b00000000000000000000000000000000,STACKADDR=32'b00000000000000000100000000000000)" has no driver, assigning undriven bits to Z, simulation mismatch possible("/home/nono/Documents/Cours/M2/S1/sysEmb/VHDL/space-invader-fpga/gowin_fpga_project/src/picorv32.v":111)
WARN  (EX0211) : The output port "pcpi_insn[11]" of module "picorv32(ENABLE_IRQ=1,ENABLE_IRQ_QREGS=0,PROGADDR_RESET=32'b00000000000000000000000000000000,PROGADDR_IRQ=32'b00000000000000000000000000000000,STACKADDR=32'b00000000000000000100000000000000)" has no driver, assigning undriven bits to Z, simulation mismatch possible("/home/nono/Documents/Cours/M2/S1/sysEmb/VHDL/space-invader-fpga/gowin_fpga_project/src/picorv32.v":111)
WARN  (EX0211) : The output port "pcpi_insn[10]" of module "picorv32(ENABLE_IRQ=1,ENABLE_IRQ_QREGS=0,PROGADDR_RESET=32'b00000000000000000000000000000000,PROGADDR_IRQ=32'b00000000000000000000000000000000,STACKADDR=32'b00000000000000000100000000000000)" has no driver, assigning undriven bits to Z, simulation mismatch possible("/home/nono/Documents/Cours/M2/S1/sysEmb/VHDL/space-invader-fpga/gowin_fpga_project/src/picorv32.v":111)
WARN  (EX0211) : The output port "pcpi_insn[9]" of module "picorv32(ENABLE_IRQ=1,ENABLE_IRQ_QREGS=0,PROGADDR_RESET=32'b00000000000000000000000000000000,PROGADDR_IRQ=32'b00000000000000000000000000000000,STACKADDR=32'b00000000000000000100000000000000)" has no driver, assigning undriven bits to Z, simulation mismatch possible("/home/nono/Documents/Cours/M2/S1/sysEmb/VHDL/space-invader-fpga/gowin_fpga_project/src/picorv32.v":111)
WARN  (EX0211) : The output port "pcpi_insn[8]" of module "picorv32(ENABLE_IRQ=1,ENABLE_IRQ_QREGS=0,PROGADDR_RESET=32'b00000000000000000000000000000000,PROGADDR_IRQ=32'b00000000000000000000000000000000,STACKADDR=32'b00000000000000000100000000000000)" has no driver, assigning undriven bits to Z, simulation mismatch possible("/home/nono/Documents/Cours/M2/S1/sysEmb/VHDL/space-invader-fpga/gowin_fpga_project/src/picorv32.v":111)
WARN  (EX0211) : The output port "pcpi_insn[7]" of module "picorv32(ENABLE_IRQ=1,ENABLE_IRQ_QREGS=0,PROGADDR_RESET=32'b00000000000000000000000000000000,PROGADDR_IRQ=32'b00000000000000000000000000000000,STACKADDR=32'b00000000000000000100000000000000)" has no driver, assigning undriven bits to Z, simulation mismatch possible("/home/nono/Documents/Cours/M2/S1/sysEmb/VHDL/space-invader-fpga/gowin_fpga_project/src/picorv32.v":111)
WARN  (EX0211) : The output port "pcpi_insn[6]" of module "picorv32(ENABLE_IRQ=1,ENABLE_IRQ_QREGS=0,PROGADDR_RESET=32'b00000000000000000000000000000000,PROGADDR_IRQ=32'b00000000000000000000000000000000,STACKADDR=32'b00000000000000000100000000000000)" has no driver, assigning undriven bits to Z, simulation mismatch possible("/home/nono/Documents/Cours/M2/S1/sysEmb/VHDL/space-invader-fpga/gowin_fpga_project/src/picorv32.v":111)
WARN  (EX0211) : The output port "pcpi_insn[5]" of module "picorv32(ENABLE_IRQ=1,ENABLE_IRQ_QREGS=0,PROGADDR_RESET=32'b00000000000000000000000000000000,PROGADDR_IRQ=32'b00000000000000000000000000000000,STACKADDR=32'b00000000000000000100000000000000)" has no driver, assigning undriven bits to Z, simulation mismatch possible("/home/nono/Documents/Cours/M2/S1/sysEmb/VHDL/space-invader-fpga/gowin_fpga_project/src/picorv32.v":111)
WARN  (EX0211) : The output port "pcpi_insn[4]" of module "picorv32(ENABLE_IRQ=1,ENABLE_IRQ_QREGS=0,PROGADDR_RESET=32'b00000000000000000000000000000000,PROGADDR_IRQ=32'b00000000000000000000000000000000,STACKADDR=32'b00000000000000000100000000000000)" has no driver, assigning undriven bits to Z, simulation mismatch possible("/home/nono/Documents/Cours/M2/S1/sysEmb/VHDL/space-invader-fpga/gowin_fpga_project/src/picorv32.v":111)
WARN  (EX0211) : The output port "pcpi_insn[3]" of module "picorv32(ENABLE_IRQ=1,ENABLE_IRQ_QREGS=0,PROGADDR_RESET=32'b00000000000000000000000000000000,PROGADDR_IRQ=32'b00000000000000000000000000000000,STACKADDR=32'b00000000000000000100000000000000)" has no driver, assigning undriven bits to Z, simulation mismatch possible("/home/nono/Documents/Cours/M2/S1/sysEmb/VHDL/space-invader-fpga/gowin_fpga_project/src/picorv32.v":111)
WARN  (EX0211) : The output port "pcpi_insn[2]" of module "picorv32(ENABLE_IRQ=1,ENABLE_IRQ_QREGS=0,PROGADDR_RESET=32'b00000000000000000000000000000000,PROGADDR_IRQ=32'b00000000000000000000000000000000,STACKADDR=32'b00000000000000000100000000000000)" has no driver, assigning undriven bits to Z, simulation mismatch possible("/home/nono/Documents/Cours/M2/S1/sysEmb/VHDL/space-invader-fpga/gowin_fpga_project/src/picorv32.v":111)
WARN  (EX0211) : The output port "pcpi_insn[1]" of module "picorv32(ENABLE_IRQ=1,ENABLE_IRQ_QREGS=0,PROGADDR_RESET=32'b00000000000000000000000000000000,PROGADDR_IRQ=32'b00000000000000000000000000000000,STACKADDR=32'b00000000000000000100000000000000)" has no driver, assigning undriven bits to Z, simulation mismatch possible("/home/nono/Documents/Cours/M2/S1/sysEmb/VHDL/space-invader-fpga/gowin_fpga_project/src/picorv32.v":111)
WARN  (EX0211) : The output port "pcpi_insn[0]" of module "picorv32(ENABLE_IRQ=1,ENABLE_IRQ_QREGS=0,PROGADDR_RESET=32'b00000000000000000000000000000000,PROGADDR_IRQ=32'b00000000000000000000000000000000,STACKADDR=32'b00000000000000000100000000000000)" has no driver, assigning undriven bits to Z, simulation mismatch possible("/home/nono/Documents/Cours/M2/S1/sysEmb/VHDL/space-invader-fpga/gowin_fpga_project/src/picorv32.v":111)
WARN  (EX0211) : The output port "uart_tx" of module "top" has no driver, assigning undriven bits to Z, simulation mismatch possible("/home/nono/Documents/Cours/M2/S1/sysEmb/VHDL/space-invader-fpga/gowin_fpga_project/src/top.v":7)
[5%] Running netlist conversion ...
WARN  (CV0016) : Input uart_rx is unused("/home/nono/Documents/Cours/M2/S1/sysEmb/VHDL/space-invader-fpga/gowin_fpga_project/src/top.v":6)
Running device independent optimization ...
[10%] Optimizing Phase 0 completed
[15%] Optimizing Phase 1 completed
[25%] Optimizing Phase 2 completed
Running inference ...
[30%] Inferring Phase 0 completed
[40%] Inferring Phase 1 completed
[50%] Inferring Phase 2 completed
[55%] Inferring Phase 3 completed
Running technical mapping ...
[60%] Tech-Mapping Phase 0 completed
[65%] Tech-Mapping Phase 1 completed
[75%] Tech-Mapping Phase 2 completed
[80%] Tech-Mapping Phase 3 completed
[90%] Tech-Mapping Phase 4 completed
[95%] Generate netlist file "/home/nono/Documents/Cours/M2/S1/sysEmb/VHDL/space-invader-fpga/gowin_fpga_project/impl/gwsynthesis/picorv32.vg" completed
[100%] Generate report file "/home/nono/Documents/Cours/M2/S1/sysEmb/VHDL/space-invader-fpga/gowin_fpga_project/impl/gwsynthesis/picorv32_syn.rpt.html" completed
GowinSynthesis finish
